34
27
39
6
8
19
17
49
34
21
41
23
48
31
42
25
13
10
52
42
60
21
47
18
53
13
37
29
26
36
28
29
17
18
50
15
30
37
45
37
10
30
35
2
16
38
20
13
46
17
35
19
25
39
43
34
34
51
46
18
3
39
21
36
15
22
51
41
15
42
27
35
32
24
42
19
35
18
3
18
22
42
46
3
27
35
37
32
44
52
33
28
25
43
28
14
39
32
19
15
60
21
33
41
27
42
57
3
6
40
16
40
11
14
21
33
32
16
22
16
34
12
28
48
24
42
10
29
24
21
23
12
18
45
27
23
37
21
18
48
42
24
22
8
26
27
47
24
22
32
34
39
7
41
20
22
27
18
58
27
28
45
36
33
28
22
7
17
30
24
23
24
17
30
11
12
55
28
23
23
14
21
8
48
56
50
40
36
24
43
26
55
29
20
23
38
20
34
25
33
34
16
13
38
10
4
12
48
17
33
4
22
14
27
39
23
19
17
16
46
8
32
43
33
13
31
36
43
43
44
54
6
45
17
42
27
21
30
34
42
41
36
34
36
15
34
18
52
51
42
26
47
32
42
34
21
35
24
29
10
47
33
35
17
13
32
40
27
39
5
5
34
35
30
25
38
30
45
43
7
18
37
22
41
19
27
29
35
6
7
38
45
40
9
12
24
2
33
28
17
43
22
32
40
22
24
9
35
45
22
33
29
9
22
29
24
41
32
43
9
24
38
40
27
12
29
43
0
56
27
25
27
35
57
16
41
22
13
29
28
26
37
30
26
18
38
16
40
16
33
13
20
35
43
9
43
22
27
19
30
25
54
52
54
44
20
26
32
46
41
27
39
37
10
20
25
19
1
48
39
34
32
6
7
5
28
26
37
22
14
7
32
12
49
10
27
13
11
7
32
22
29
37
14
15
23
36
27
29
44
13
10
19
48
12
46
7
14
12
39
23
26
49
34
51
33
29
32
33
44
28
42
24
36
36
38
48
46
36
49
41
27
12
17
24
41
22
17
5
34
12
25
24
17
64
19
46
32
28
20
43
42
32
26
23
12
47
34
23
10
20
37
16
37
25
21
41
25
30
39
12
3
19
1
43
15
48
49
33
25
27
57
27
21
32
36
32
30
15
32
24
39
45
52
33
48
38
37
16
32
7
23
24
30
22
8
13
3
34
55
16
17
12
34
32
39
55
29
43
22
28
17
20
39
45
26
28
20
37
5
55
23
19
35
55
13
20
32
16
41
8
18
31
23
50
11
13
31
26
26
25
45
21
23
42
15
31
38
36
24
37
19
36
25
26
45
18
43
55
42
19
10
17
14
25
37
28
30
49
49
16
41
7
32
25
48
18
28
24
7
56
27
6
40
13
55
42
38
56
17
20
35
42
30
22
30
39
2
23
31
15
11
52
33
18
51
17
21
13
28
25
53
31
19
45
44
9
17
21
46
43
40
12
23
32
8
55
22
31
26
9
21
14
20
61
56
25
14
50
33
30
17
31
39
22
24
1
19
44
47
21
15
54
33
14
21
26
25
23
22
26
39
26
15
23
18
30
9
45
26
16
44
17
39
23
8
7
38
35
36
35
36
30
45
15
14
35
16
25
33
22
39
15
29
39
39
7
12
42
4
16
28
21
29
43
50
21
41
17
40
7
59
20
4
14
31
7
37
30
30
30
43
25
48
32
31
46
5
19
55
32
17
27
41
36
10
10
51
22
25
47
25
31
23
29
23
40
23
47
46
19
50
44
48
21
39
20
45
53
40
33
59
24
11
5
25
47
41
17
30
52
13
45
27
12
42
37
27
19
31
13
35
53
31
10
35
11
53
29
52
13
46
15
33
18
20
49
0
35
38
1
15
47
34
45
18
54
51
17
18
45
3
9
32
12
37
34
41
30
32
27
39
21
13
42
31
47
44
41
44
27
33
38
33
29
15
36
29
18
25
19
47
31
36
27
32
9
43
60
41
52
46
50
12
50
31
22
55
36
29
17
32
26
33
59
49
36
15
11
41
39
40
28
36
40
58
35
56
17
14
14
18
32
18
47
24
15
10
50
50
25
14
41
18
39
24
32
12
44
33
30
35
16
31
7
44
53
39
50
15
23
1
25
46
23
11
35
27
33
31
24
2
29
28
6
47
17
46
4
40
31
8
38
35
43
44
34
37
10
20
45
29
28
41
22
20
50
42
24
28
6
8
32
35
13
47
35
9
17
30
48
10
32
17
38
28
14
34
37
32
7
20
43
27
19
29
32
15
19
13
