21
52
41
31
37
23
37
39
12
52
35
5
9
3
19
33
40
45
19
15
29
13
26
10
49
29
33
44
37
53
24
46
19
42
20
32
33
32
43
16
23
47
66
30
40
54
42
52
36
36
34
33
63
44
38
41
15
45
27
38
23
14
47
13
17
65
55
32
60
3
18
29
36
32
40
31
23
56
4
19
12
20
21
15
18
22
49
39
30
32
22
18
47
21
50
57
5
45
47
37
24
46
42
23
25
29
51
28
43
52
38
30
36
56
47
48
37
38
12
46
36
14
71
36
9
19
9
46
45
30
30
52
45
21
60
35
16
49
40
25
45
2
29
25
63
18
34
23
48
30
15
32
22
35
20
37
31
52
31
11
12
39
29
36
16
11
36
20
31
24
39
6
24
42
24
27
22
42
34
20
28
30
46
32
44
33
35
21
20
34
34
36
28
45
61
37
46
36
43
24
27
3
16
63
37
36
10
29
46
47
49
64
30
19
33
34
54
25
12
22
57
43
52
14
20
26
56
20
23
53
23
53
10
5
28
55
35
51
22
49
24
35
8
53
16
21
55
28
50
22
31
44
32
43
45
6
40
44
53
37
40
22
38
35
19
16
19
58
31
33
53
31
8
16
32
56
33
43
25
43
58
21
59
12
18
49
46
25
45
39
13
58
41
12
43
48
45
16
30
12
14
14
32
42
54
19
16
41
15
8
21
24
36
13
36
19
7
58
46
32
31
59
16
21
39
15
17
63
57
39
53
32
9
62
42
33
60
48
29
22
19
30
29
25
49
37
51
27
40
44
29
17
17
44
26
35
41
56
10
36
33
51
35
32
39
3
50
6
31
28
35
26
12
27
42
46
30
27
58
34
22
36
42
32
51
35
40
14
36
47
33
50
16
46
57
17
42
67
41
8
34
32
63
43
49
24
40
32
38
31
37
37
55
15
58
36
52
50
46
15
28
43
56
51
15
13
50
32
18
1
42
17
19
22
44
5
44
36
49
60
35
56
9
7
38
38
28
32
22
35
31
54
39
46
48
57
57
13
55
25
12
38
46
9
40
56
45
53
38
29
28
27
40
26
44
14
15
33
14
30
50
47
61
31
25
7
32
36
9
55
24
24
0
40
43
33
25
39
18
37
28
70
63
28
46
11
23
30
48
25
10
55
43
35
3
26
22
53
28
35
39
28
16
56
21
14
28
7
40
25
21
39
41
26
16
57
38
2
44
25
37
20
46
50
16
25
57
44
56
58
27
26
41
47
17
69
66
49
7
13
48
53
56
45
21
52
43
19
32
24
34
42
24
45
57
37
36
9
17
42
42
54
47
46
19
41
58
52
17
22
61
60
60
27
37
23
40
24
44
60
29
69
28
31
56
46
48
14
27
25
30
20
47
15
19
37
44
25
33
42
25
22
32
29
35
43
18
21
43
27
30
22
40
33
35
38
44
43
18
61
14
43
22
28
31
25
26
14
40
35
35
64
22
20
59
53
38
39
46
31
26
60
18
63
54
31
44
24
50
41
13
19
23
43
25
21
38
48
44
0
50
18
33
25
35
17
48
44
43
37
38
6
9
40
59
7
61
20
48
26
21
38
56
10
9
31
27
45
33
37
27
35
13
44
45
43
15
32
42
18
40
34
22
11
14
40
23
14
13
52
40
31
56
7
32
51
5
16
24
29
6
49
49
38
51
46
30
51
38
24
7
56
31
26
33
54
20
31
70
53
43
27
33
46
33
28
61
37
50
42
33
70
11
35
50
49
23
47
32
30
17
53
53
57
44
46
39
51
61
27
53
42
40
4
24
19
40
49
38
47
31
41
50
24
45
48
49
32
56
66
42
21
37
48
69
47
25
17
23
32
33
37
30
32
53
25
41
48
40
38
25
11
33
49
23
21
34
26
45
42
48
0
20
18
20
15
34
20
25
8
20
13
29
51
42
32
47
46
24
34
61
36
20
41
16
29
30
56
19
29
41
50
38
42
22
43
22
22
10
38
25
13
40
26
25
40
39
33
9
43
35
54
22
21
35
42
7
42
21
34
18
28
21
31
15
16
4
27
24
40
13
38
44
54
27
40
11
45
37
27
15
28
20
17
65
45
13
33
57
20
48
38
32
20
40
35
25
22
37
18
20
29
13
30
17
16
18
56
44
34
33
12
23
21
30
26
55
24
9
34
50
33
54
26
32
27
27
24
20
42
12
18
37
28
49
21
3
21
13
29
21
58
26
15
27
29
19
23
47
35
41
27
23
21
3
21
34
32
40
55
